# JRE version: Java(TM) SE Runtime Environment (8.0_171-b11) (build 1.8.0_171-b11)
# Java VM: Java HotSpot(TM) 64-Bit Server VM (25.171-b11 mixed mode linux-amd64 compressed oops)
Heap:
 PSYoungGen      total 83968K, used 7660K [0x00000000e2000000, 0x00000000e8980000, 0x0000000100000000)
  eden space 76288K, 0% used [0x00000000e2000000,0x00000000e2000000,0x00000000e6a80000)
  from space 7680K, 99% used [0x00000000e7a80000,0x00000000e81fb070,0x00000000e8200000)
  to   space 5632K, 0% used [0x00000000e8400000,0x00000000e8400000,0x00000000e8980000)
 ParOldGen       total 44544K, used 13099K [0x00000000a6000000, 0x00000000a8b80000, 0x00000000e2000000)
  object space 44544K, 29% used [0x00000000a6000000,0x00000000a6ccaea8,0x00000000a8b80000)
 Metaspace       used 27568K, capacity 28554K, committed 28720K, reserved 1075200K
  class space    used 3598K, capacity 3831K, committed 3888K, reserved 1048576K
GC Heap History (10 events):
Event: 1,490 GC heap after
Heap after GC invocations=3 (full 0):
 PSYoungGen      total 27136K, used 3552K [0x00000000e2000000, 0x00000000e5500000, 0x0000000100000000)
  eden space 23552K, 0% used [0x00000000e2000000,0x00000000e2000000,0x00000000e3700000)
  from space 3584K, 99% used [0x00000000e3700000,0x00000000e3a78020,0x00000000e3a80000)
  to   space 3584K, 0% used [0x00000000e5180000,0x00000000e5180000,0x00000000e5500000)
 ParOldGen       total 61440K, used 2278K [0x00000000a6000000, 0x00000000a9c00000, 0x00000000e2000000)
  object space 61440K, 3% used [0x00000000a6000000,0x00000000a6239a10,0x00000000a9c00000)
 Metaspace       used 13642K, capacity 14116K, committed 14208K, reserved 1060864K
  class space    used 1793K, capacity 1912K, committed 1920K, reserved 1048576K
}
Event: 1,973 GC heap before
{Heap before GC invocations=4 (full 0):
 PSYoungGen      total 27136K, used 27104K [0x00000000e2000000, 0x00000000e5500000, 0x0000000100000000)
  eden space 23552K, 100% used [0x00000000e2000000,0x00000000e3700000,0x00000000e3700000)
  from space 3584K, 99% used [0x00000000e3700000,0x00000000e3a78020,0x00000000e3a80000)
  to   space 3584K, 0% used [0x00000000e5180000,0x00000000e5180000,0x00000000e5500000)
 ParOldGen       total 61440K, used 2278K [0x00000000a6000000, 0x00000000a9c00000, 0x00000000e2000000)
  object space 61440K, 3% used [0x00000000a6000000,0x00000000a6239a10,0x00000000a9c00000)
 Metaspace       used 16861K, capacity 17410K, committed 17792K, reserved 1064960K
  class space    used 2167K, capacity 2325K, committed 2432K, reserved 1048576K
Event: 1,985 GC heap after
Heap after GC invocations=4 (full 0):
 PSYoungGen      total 50688K, used 3568K [0x00000000e2000000, 0x00000000e5500000, 0x0000000100000000)
  eden space 47104K, 0% used [0x00000000e2000000,0x00000000e2000000,0x00000000e4e00000)
  from space 3584K, 99% used [0x00000000e5180000,0x00000000e54fc010,0x00000000e5500000)
  to   space 3584K, 0% used [0x00000000e4e00000,0x00000000e4e00000,0x00000000e5180000)
 ParOldGen       total 61440K, used 5059K [0x00000000a6000000, 0x00000000a9c00000, 0x00000000e2000000)
  object space 61440K, 8% used [0x00000000a6000000,0x00000000a64f0fa0,0x00000000a9c00000)
 Metaspace       used 16861K, capacity 17410K, committed 17792K, reserved 1064960K
  class space    used 2167K, capacity 2325K, committed 2432K, reserved 1048576K
}
Event: 2,562 GC heap before
{Heap before GC invocations=5 (full 0):
 PSYoungGen      total 50688K, used 33457K [0x00000000e2000000, 0x00000000e5500000, 0x0000000100000000)
  eden space 47104K, 63% used [0x00000000e2000000,0x00000000e3d30558,0x00000000e4e00000)
  from space 3584K, 99% used [0x00000000e5180000,0x00000000e54fc010,0x00000000e5500000)
  to   space 3584K, 0% used [0x00000000e4e00000,0x00000000e4e00000,0x00000000e5180000)
 ParOldGen       total 61440K, used 5059K [0x00000000a6000000, 0x00000000a9c00000, 0x00000000e2000000)
  object space 61440K, 8% used [0x00000000a6000000,0x00000000a64f0fa0,0x00000000a9c00000)
 Metaspace       used 20638K, capacity 21194K, committed 21296K, reserved 1067008K
  class space    used 2658K, capacity 2817K, committed 2864K, reserved 1048576K
Event: 2,574 GC heap after
Heap after GC invocations=5 (full 0):
 PSYoungGen      total 50688K, used 3568K [0x00000000e2000000, 0x00000000e8c00000, 0x0000000100000000)
  eden space 47104K, 0% used [0x00000000e2000000,0x00000000e2000000,0x00000000e4e00000)
  from space 3584K, 99% used [0x00000000e4e00000,0x00000000e517c010,0x00000000e5180000)
  to   space 8192K, 0% used [0x00000000e8400000,0x00000000e8400000,0x00000000e8c00000)
 ParOldGen       total 61440K, used 8776K [0x00000000a6000000, 0x00000000a9c00000, 0x00000000e2000000)
  object space 61440K, 14% used [0x00000000a6000000,0x00000000a6892010,0x00000000a9c00000)
 Metaspace       used 20638K, capacity 21194K, committed 21296K, reserved 1067008K
  class space    used 2658K, capacity 2817K, committed 2864K, reserved 1048576K
}
Event: 2,574 GC heap before
{Heap before GC invocations=6 (full 1):
 PSYoungGen      total 50688K, used 3568K [0x00000000e2000000, 0x00000000e8c00000, 0x0000000100000000)
  eden space 47104K, 0% used [0x00000000e2000000,0x00000000e2000000,0x00000000e4e00000)
  from space 3584K, 99% used [0x00000000e4e00000,0x00000000e517c010,0x00000000e5180000)
  to   space 8192K, 0% used [0x00000000e8400000,0x00000000e8400000,0x00000000e8c00000)
 ParOldGen       total 61440K, used 8776K [0x00000000a6000000, 0x00000000a9c00000, 0x00000000e2000000)
  object space 61440K, 14% used [0x00000000a6000000,0x00000000a6892010,0x00000000a9c00000)
 Metaspace       used 20638K, capacity 21194K, committed 21296K, reserved 1067008K
  class space    used 2658K, capacity 2817K, committed 2864K, reserved 1048576K
Event: 2,618 GC heap after
Heap after GC invocations=6 (full 1):
 PSYoungGen      total 50688K, used 0K [0x00000000e2000000, 0x00000000e8c00000, 0x0000000100000000)
  eden space 47104K, 0% used [0x00000000e2000000,0x00000000e2000000,0x00000000e4e00000)
  from space 3584K, 0% used [0x00000000e4e00000,0x00000000e4e00000,0x00000000e5180000)
  to   space 8192K, 0% used [0x00000000e8400000,0x00000000e8400000,0x00000000e8c00000)
 ParOldGen       total 44544K, used 7347K [0x00000000a6000000, 0x00000000a8b80000, 0x00000000e2000000)
  object space 44544K, 16% used [0x00000000a6000000,0x00000000a672cf00,0x00000000a8b80000)
 Metaspace       used 20638K, capacity 21194K, committed 21296K, reserved 1067008K
  class space    used 2658K, capacity 2817K, committed 2864K, reserved 1048576K
}
Event: 3,412 GC heap before
{Heap before GC invocations=7 (full 1):
 PSYoungGen      total 50688K, used 47104K [0x00000000e2000000, 0x00000000e8c00000, 0x0000000100000000)
  eden space 47104K, 100% used [0x00000000e2000000,0x00000000e4e00000,0x00000000e4e00000)
  from space 3584K, 0% used [0x00000000e4e00000,0x00000000e4e00000,0x00000000e5180000)
  to   space 8192K, 0% used [0x00000000e8400000,0x00000000e8400000,0x00000000e8c00000)
 ParOldGen       total 44544K, used 7347K [0x00000000a6000000, 0x00000000a8b80000, 0x00000000e2000000)
  object space 44544K, 16% used [0x00000000a6000000,0x00000000a672cf00,0x00000000a8b80000)
 Metaspace       used 23834K, capacity 24502K, committed 24752K, reserved 1071104K
  class space    used 3067K, capacity 3239K, committed 3248K, reserved 1048576K
Event: 3,431 GC heap after
Heap after GC invocations=7 (full 1):
 PSYoungGen      total 81920K, used 5204K [0x00000000e2000000, 0x00000000e8980000, 0x0000000100000000)
  eden space 76288K, 0% used [0x00000000e2000000,0x00000000e2000000,0x00000000e6a80000)
  from space 5632K, 92% used [0x00000000e8400000,0x00000000e89150b0,0x00000000e8980000)
  to   space 7680K, 0% used [0x00000000e7a80000,0x00000000e7a80000,0x00000000e8200000)
 ParOldGen       total 44544K, used 7355K [0x00000000a6000000, 0x00000000a8b80000, 0x00000000e2000000)
  object space 44544K, 16% used [0x00000000a6000000,0x00000000a672ef00,0x00000000a8b80000)
 Metaspace       used 23834K, capacity 24502K, committed 24752K, reserved 1071104K
  class space    used 3067K, capacity 3239K, committed 3248K, reserved 1048576K
}
Event: 5,928 GC heap before
{Heap before GC invocations=8 (full 1):
 PSYoungGen      total 81920K, used 81492K [0x00000000e2000000, 0x00000000e8980000, 0x0000000100000000)
  eden space 76288K, 100% used [0x00000000e2000000,0x00000000e6a80000,0x00000000e6a80000)
  from space 5632K, 92% used [0x00000000e8400000,0x00000000e89150b0,0x00000000e8980000)
  to   space 7680K, 0% used [0x00000000e7a80000,0x00000000e7a80000,0x00000000e8200000)
 ParOldGen       total 44544K, used 7355K [0x00000000a6000000, 0x00000000a8b80000, 0x00000000e2000000)
  object space 44544K, 16% used [0x00000000a6000000,0x00000000a672ef00,0x00000000a8b80000)
 Metaspace       used 27568K, capacity 28554K, committed 28720K, reserved 1075200K
  class space    used 3598K, capacity 3831K, committed 3888K, reserved 1048576K

